warning: unused variable: `extra_subtree`
   --> runtime/src/pure_parser.rs:370:21
    |
370 |                 let extra_subtree = Subtree {
    |                     ^^^^^^^^^^^^^ help: if this is intentional, prefix it with an underscore: `_extra_subtree`
    |
    = note: `#[warn(unused_variables)]` on by default

warning: methods `get_production_id` and `get_goto_state` are never used
   --> runtime/src/pure_parser.rs:872:8
    |
209 | impl Parser {
    | ----------- methods in this implementation
...
872 |     fn get_production_id(&self, language: &TSLanguage, action_index: u16) -> u16 {
    |        ^^^^^^^^^^^^^^^^^
...
883 |     fn get_goto_state(&self, _language: &TSLanguage, _state: TSStateId, _symbol: TSSymbol) -> TSStateId {
    |        ^^^^^^^^^^^^^^
    |
    = note: `#[warn(dead_code)]` on by default

warning: `rust-sitter` (lib) generated 2 warnings
warning: function `parse_with_rust_parser` is never used
  --> tool/src/cli/parse.rs:83:8
   |
83 | pub fn parse_with_rust_parser(
   |        ^^^^^^^^^^^^^^^^^^^^^^
   |
   = note: `#[warn(dead_code)]` on by default

warning: function `auto_detect_parser` is never used
  --> tool/src/cli/parse.rs:98:8
   |
98 | pub fn auto_detect_parser(file_path: &Path) -> Option<String> {
   |        ^^^^^^^^^^^^^^^^^^

warning: function `generate_corpus` is never used
   --> tool/src/cli/test.rs:172:8
    |
172 | pub fn generate_corpus(
    |        ^^^^^^^^^^^^^^^

warning: `rust-sitter-tool` (lib) generated 3 warnings
   Compiling rust-sitter-example v0.4.5 (/home/steven/code/rust-sitter/example)
warning: unnecessary `unsafe` block
  --> example/examples/test_arithmetic_pure.rs:30:24
   |
30 |         let language = unsafe { &LANGUAGE };
   |                        ^^^^^^ unnecessary `unsafe` block
   |
   = note: `#[warn(unused_unsafe)]` on by default

warning: `rust-sitter-example` (example "test_arithmetic_pure") generated 1 warning
    Finished `dev` profile [unoptimized + debuginfo] target(s) in 0.55s
